<?xml version="1.0" encoding="UTF-8"?>
<testsuite xmlns:xsi="http://www.w3.org/2001/XMLSchema-instance" xsi:noNamespaceSchemaLocation="https://maven.apache.org/surefire/maven-surefire-plugin/xsd/surefire-test-report.xsd" name="top.dc.ApplicationTests" time="2.399" tests="1" errors="0" skipped="0" failures="0">
  <properties>
    <property name="java.specification.version" value="17"/>
    <property name="sun.cpu.isalist" value="amd64"/>
    <property name="sun.jnu.encoding" value="GBK"/>
    <property name="java.class.path" value="D:\Spring Security\2-auth-database\target\test-classes;D:\Spring Security\2-auth-database\target\classes;D:\repository\org\springframework\boot\spring-boot-starter-web\3.0.4\spring-boot-starter-web-3.0.4.jar;D:\repository\org\springframework\boot\spring-boot-starter\3.0.4\spring-boot-starter-3.0.4.jar;D:\repository\org\springframework\boot\spring-boot\3.0.4\spring-boot-3.0.4.jar;D:\repository\org\springframework\boot\spring-boot-starter-logging\3.0.4\spring-boot-starter-logging-3.0.4.jar;D:\repository\ch\qos\logback\logback-classic\1.4.5\logback-classic-1.4.5.jar;D:\repository\ch\qos\logback\logback-core\1.4.5\logback-core-1.4.5.jar;D:\repository\org\apache\logging\log4j\log4j-to-slf4j\2.19.0\log4j-to-slf4j-2.19.0.jar;D:\repository\org\apache\logging\log4j\log4j-api\2.19.0\log4j-api-2.19.0.jar;D:\repository\org\slf4j\jul-to-slf4j\2.0.6\jul-to-slf4j-2.0.6.jar;D:\repository\jakarta\annotation\jakarta.annotation-api\2.1.1\jakarta.annotation-api-2.1.1.jar;D:\repository\org\yaml\snakeyaml\1.33\snakeyaml-1.33.jar;D:\repository\org\springframework\boot\spring-boot-starter-json\3.0.4\spring-boot-starter-json-3.0.4.jar;D:\repository\com\fasterxml\jackson\core\jackson-databind\2.14.2\jackson-databind-2.14.2.jar;D:\repository\com\fasterxml\jackson\core\jackson-annotations\2.14.2\jackson-annotations-2.14.2.jar;D:\repository\com\fasterxml\jackson\core\jackson-core\2.14.2\jackson-core-2.14.2.jar;D:\repository\com\fasterxml\jackson\datatype\jackson-datatype-jdk8\2.14.2\jackson-datatype-jdk8-2.14.2.jar;D:\repository\com\fasterxml\jackson\datatype\jackson-datatype-jsr310\2.14.2\jackson-datatype-jsr310-2.14.2.jar;D:\repository\com\fasterxml\jackson\module\jackson-module-parameter-names\2.14.2\jackson-module-parameter-names-2.14.2.jar;D:\repository\org\springframework\boot\spring-boot-starter-tomcat\3.0.4\spring-boot-starter-tomcat-3.0.4.jar;D:\repository\org\apache\tomcat\embed\tomcat-embed-core\10.1.5\tomcat-embed-core-10.1.5.jar;D:\repository\org\apache\tomcat\embed\tomcat-embed-el\10.1.5\tomcat-embed-el-10.1.5.jar;D:\repository\org\apache\tomcat\embed\tomcat-embed-websocket\10.1.5\tomcat-embed-websocket-10.1.5.jar;D:\repository\org\springframework\spring-web\6.0.6\spring-web-6.0.6.jar;D:\repository\org\springframework\spring-beans\6.0.6\spring-beans-6.0.6.jar;D:\repository\io\micrometer\micrometer-observation\1.10.4\micrometer-observation-1.10.4.jar;D:\repository\io\micrometer\micrometer-commons\1.10.4\micrometer-commons-1.10.4.jar;D:\repository\org\springframework\spring-webmvc\6.0.6\spring-webmvc-6.0.6.jar;D:\repository\org\springframework\spring-context\6.0.6\spring-context-6.0.6.jar;D:\repository\org\springframework\spring-expression\6.0.6\spring-expression-6.0.6.jar;D:\repository\org\springframework\boot\spring-boot-starter-test\3.0.4\spring-boot-starter-test-3.0.4.jar;D:\repository\org\springframework\boot\spring-boot-test\3.0.4\spring-boot-test-3.0.4.jar;D:\repository\org\springframework\boot\spring-boot-test-autoconfigure\3.0.4\spring-boot-test-autoconfigure-3.0.4.jar;D:\repository\com\jayway\jsonpath\json-path\2.7.0\json-path-2.7.0.jar;D:\repository\net\minidev\json-smart\2.4.8\json-smart-2.4.8.jar;D:\repository\net\minidev\accessors-smart\2.4.8\accessors-smart-2.4.8.jar;D:\repository\org\ow2\asm\asm\9.1\asm-9.1.jar;D:\repository\org\slf4j\slf4j-api\2.0.6\slf4j-api-2.0.6.jar;D:\repository\jakarta\xml\bind\jakarta.xml.bind-api\4.0.0\jakarta.xml.bind-api-4.0.0.jar;D:\repository\jakarta\activation\jakarta.activation-api\2.1.1\jakarta.activation-api-2.1.1.jar;D:\repository\org\assertj\assertj-core\3.23.1\assertj-core-3.23.1.jar;D:\repository\net\bytebuddy\byte-buddy\1.12.23\byte-buddy-1.12.23.jar;D:\repository\org\hamcrest\hamcrest\2.2\hamcrest-2.2.jar;D:\repository\org\junit\jupiter\junit-jupiter\5.9.2\junit-jupiter-5.9.2.jar;D:\repository\org\junit\jupiter\junit-jupiter-api\5.9.2\junit-jupiter-api-5.9.2.jar;D:\repository\org\opentest4j\opentest4j\1.2.0\opentest4j-1.2.0.jar;D:\repository\org\junit\platform\junit-platform-commons\1.9.2\junit-platform-commons-1.9.2.jar;D:\repository\org\apiguardian\apiguardian-api\1.1.2\apiguardian-api-1.1.2.jar;D:\repository\org\junit\jupiter\junit-jupiter-params\5.9.2\junit-jupiter-params-5.9.2.jar;D:\repository\org\junit\jupiter\junit-jupiter-engine\5.9.2\junit-jupiter-engine-5.9.2.jar;D:\repository\org\junit\platform\junit-platform-engine\1.9.2\junit-platform-engine-1.9.2.jar;D:\repository\org\mockito\mockito-core\4.8.1\mockito-core-4.8.1.jar;D:\repository\net\bytebuddy\byte-buddy-agent\1.12.23\byte-buddy-agent-1.12.23.jar;D:\repository\org\objenesis\objenesis\3.2\objenesis-3.2.jar;D:\repository\org\mockito\mockito-junit-jupiter\4.8.1\mockito-junit-jupiter-4.8.1.jar;D:\repository\org\skyscreamer\jsonassert\1.5.1\jsonassert-1.5.1.jar;D:\repository\com\vaadin\external\google\android-json\0.0.20131108.vaadin1\android-json-0.0.20131108.vaadin1.jar;D:\repository\org\springframework\spring-core\6.0.6\spring-core-6.0.6.jar;D:\repository\org\springframework\spring-jcl\6.0.6\spring-jcl-6.0.6.jar;D:\repository\org\springframework\spring-test\6.0.6\spring-test-6.0.6.jar;D:\repository\org\xmlunit\xmlunit-core\2.9.1\xmlunit-core-2.9.1.jar;D:\repository\org\springframework\boot\spring-boot-starter-security\3.0.4\spring-boot-starter-security-3.0.4.jar;D:\repository\org\springframework\spring-aop\6.0.6\spring-aop-6.0.6.jar;D:\repository\org\springframework\security\spring-security-config\6.0.2\spring-security-config-6.0.2.jar;D:\repository\org\springframework\security\spring-security-core\6.0.2\spring-security-core-6.0.2.jar;D:\repository\org\springframework\security\spring-security-crypto\6.0.2\spring-security-crypto-6.0.2.jar;D:\repository\org\springframework\security\spring-security-web\6.0.2\spring-security-web-6.0.2.jar;D:\repository\org\projectlombok\lombok\1.18.26\lombok-1.18.26.jar;D:\repository\com\baomidou\mybatis-plus-boot-starter\3.5.3.1\mybatis-plus-boot-starter-3.5.3.1.jar;D:\repository\com\baomidou\mybatis-plus\3.5.3.1\mybatis-plus-3.5.3.1.jar;D:\repository\com\baomidou\mybatis-plus-extension\3.5.3.1\mybatis-plus-extension-3.5.3.1.jar;D:\repository\com\baomidou\mybatis-plus-core\3.5.3.1\mybatis-plus-core-3.5.3.1.jar;D:\repository\com\baomidou\mybatis-plus-annotation\3.5.3.1\mybatis-plus-annotation-3.5.3.1.jar;D:\repository\com\github\jsqlparser\jsqlparser\4.4\jsqlparser-4.4.jar;D:\repository\org\mybatis\mybatis\3.5.10\mybatis-3.5.10.jar;D:\repository\org\mybatis\mybatis-spring\2.0.7\mybatis-spring-2.0.7.jar;D:\repository\org\springframework\boot\spring-boot-autoconfigure\3.0.4\spring-boot-autoconfigure-3.0.4.jar;D:\repository\org\springframework\boot\spring-boot-starter-jdbc\3.0.4\spring-boot-starter-jdbc-3.0.4.jar;D:\repository\com\zaxxer\HikariCP\5.0.1\HikariCP-5.0.1.jar;D:\repository\org\springframework\spring-jdbc\6.0.6\spring-jdbc-6.0.6.jar;D:\repository\org\springframework\spring-tx\6.0.6\spring-tx-6.0.6.jar;D:\repository\com\mysql\mysql-connector-j\8.0.33\mysql-connector-j-8.0.33.jar;D:\repository\cn\hutool\hutool-all\5.8.20\hutool-all-5.8.20.jar;"/>
    <property name="java.vm.vendor" value="Amazon.com Inc."/>
    <property name="sun.arch.data.model" value="64"/>
    <property name="user.variant" value=""/>
    <property name="java.vendor.url" value="https://aws.amazon.com/corretto/"/>
    <property name="user.timezone" value="Asia/Shanghai"/>
    <property name="os.name" value="Windows 11"/>
    <property name="java.vm.specification.version" value="17"/>
    <property name="sun.java.launcher" value="SUN_STANDARD"/>
    <property name="user.country" value="CN"/>
    <property name="sun.boot.library.path" value="C:\Users\86188\.jdks\corretto-17.0.8.1\bin"/>
    <property name="sun.java.command" value="C:\Users\86188\AppData\Local\Temp\surefire11911253976336909244\surefirebooter9838271269472355730.jar C:\Users\86188\AppData\Local\Temp\surefire11911253976336909244 2024-11-13T18-28-45_985-jvmRun1 surefire18439926600663285189tmp surefire_012114487723061553239tmp"/>
    <property name="jdk.debug" value="release"/>
    <property name="surefire.test.class.path" value="D:\Spring Security\2-auth-database\target\test-classes;D:\Spring Security\2-auth-database\target\classes;D:\repository\org\springframework\boot\spring-boot-starter-web\3.0.4\spring-boot-starter-web-3.0.4.jar;D:\repository\org\springframework\boot\spring-boot-starter\3.0.4\spring-boot-starter-3.0.4.jar;D:\repository\org\springframework\boot\spring-boot\3.0.4\spring-boot-3.0.4.jar;D:\repository\org\springframework\boot\spring-boot-starter-logging\3.0.4\spring-boot-starter-logging-3.0.4.jar;D:\repository\ch\qos\logback\logback-classic\1.4.5\logback-classic-1.4.5.jar;D:\repository\ch\qos\logback\logback-core\1.4.5\logback-core-1.4.5.jar;D:\repository\org\apache\logging\log4j\log4j-to-slf4j\2.19.0\log4j-to-slf4j-2.19.0.jar;D:\repository\org\apache\logging\log4j\log4j-api\2.19.0\log4j-api-2.19.0.jar;D:\repository\org\slf4j\jul-to-slf4j\2.0.6\jul-to-slf4j-2.0.6.jar;D:\repository\jakarta\annotation\jakarta.annotation-api\2.1.1\jakarta.annotation-api-2.1.1.jar;D:\repository\org\yaml\snakeyaml\1.33\snakeyaml-1.33.jar;D:\repository\org\springframework\boot\spring-boot-starter-json\3.0.4\spring-boot-starter-json-3.0.4.jar;D:\repository\com\fasterxml\jackson\core\jackson-databind\2.14.2\jackson-databind-2.14.2.jar;D:\repository\com\fasterxml\jackson\core\jackson-annotations\2.14.2\jackson-annotations-2.14.2.jar;D:\repository\com\fasterxml\jackson\core\jackson-core\2.14.2\jackson-core-2.14.2.jar;D:\repository\com\fasterxml\jackson\datatype\jackson-datatype-jdk8\2.14.2\jackson-datatype-jdk8-2.14.2.jar;D:\repository\com\fasterxml\jackson\datatype\jackson-datatype-jsr310\2.14.2\jackson-datatype-jsr310-2.14.2.jar;D:\repository\com\fasterxml\jackson\module\jackson-module-parameter-names\2.14.2\jackson-module-parameter-names-2.14.2.jar;D:\repository\org\springframework\boot\spring-boot-starter-tomcat\3.0.4\spring-boot-starter-tomcat-3.0.4.jar;D:\repository\org\apache\tomcat\embed\tomcat-embed-core\10.1.5\tomcat-embed-core-10.1.5.jar;D:\repository\org\apache\tomcat\embed\tomcat-embed-el\10.1.5\tomcat-embed-el-10.1.5.jar;D:\repository\org\apache\tomcat\embed\tomcat-embed-websocket\10.1.5\tomcat-embed-websocket-10.1.5.jar;D:\repository\org\springframework\spring-web\6.0.6\spring-web-6.0.6.jar;D:\repository\org\springframework\spring-beans\6.0.6\spring-beans-6.0.6.jar;D:\repository\io\micrometer\micrometer-observation\1.10.4\micrometer-observation-1.10.4.jar;D:\repository\io\micrometer\micrometer-commons\1.10.4\micrometer-commons-1.10.4.jar;D:\repository\org\springframework\spring-webmvc\6.0.6\spring-webmvc-6.0.6.jar;D:\repository\org\springframework\spring-context\6.0.6\spring-context-6.0.6.jar;D:\repository\org\springframework\spring-expression\6.0.6\spring-expression-6.0.6.jar;D:\repository\org\springframework\boot\spring-boot-starter-test\3.0.4\spring-boot-starter-test-3.0.4.jar;D:\repository\org\springframework\boot\spring-boot-test\3.0.4\spring-boot-test-3.0.4.jar;D:\repository\org\springframework\boot\spring-boot-test-autoconfigure\3.0.4\spring-boot-test-autoconfigure-3.0.4.jar;D:\repository\com\jayway\jsonpath\json-path\2.7.0\json-path-2.7.0.jar;D:\repository\net\minidev\json-smart\2.4.8\json-smart-2.4.8.jar;D:\repository\net\minidev\accessors-smart\2.4.8\accessors-smart-2.4.8.jar;D:\repository\org\ow2\asm\asm\9.1\asm-9.1.jar;D:\repository\org\slf4j\slf4j-api\2.0.6\slf4j-api-2.0.6.jar;D:\repository\jakarta\xml\bind\jakarta.xml.bind-api\4.0.0\jakarta.xml.bind-api-4.0.0.jar;D:\repository\jakarta\activation\jakarta.activation-api\2.1.1\jakarta.activation-api-2.1.1.jar;D:\repository\org\assertj\assertj-core\3.23.1\assertj-core-3.23.1.jar;D:\repository\net\bytebuddy\byte-buddy\1.12.23\byte-buddy-1.12.23.jar;D:\repository\org\hamcrest\hamcrest\2.2\hamcrest-2.2.jar;D:\repository\org\junit\jupiter\junit-jupiter\5.9.2\junit-jupiter-5.9.2.jar;D:\repository\org\junit\jupiter\junit-jupiter-api\5.9.2\junit-jupiter-api-5.9.2.jar;D:\repository\org\opentest4j\opentest4j\1.2.0\opentest4j-1.2.0.jar;D:\repository\org\junit\platform\junit-platform-commons\1.9.2\junit-platform-commons-1.9.2.jar;D:\repository\org\apiguardian\apiguardian-api\1.1.2\apiguardian-api-1.1.2.jar;D:\repository\org\junit\jupiter\junit-jupiter-params\5.9.2\junit-jupiter-params-5.9.2.jar;D:\repository\org\junit\jupiter\junit-jupiter-engine\5.9.2\junit-jupiter-engine-5.9.2.jar;D:\repository\org\junit\platform\junit-platform-engine\1.9.2\junit-platform-engine-1.9.2.jar;D:\repository\org\mockito\mockito-core\4.8.1\mockito-core-4.8.1.jar;D:\repository\net\bytebuddy\byte-buddy-agent\1.12.23\byte-buddy-agent-1.12.23.jar;D:\repository\org\objenesis\objenesis\3.2\objenesis-3.2.jar;D:\repository\org\mockito\mockito-junit-jupiter\4.8.1\mockito-junit-jupiter-4.8.1.jar;D:\repository\org\skyscreamer\jsonassert\1.5.1\jsonassert-1.5.1.jar;D:\repository\com\vaadin\external\google\android-json\0.0.20131108.vaadin1\android-json-0.0.20131108.vaadin1.jar;D:\repository\org\springframework\spring-core\6.0.6\spring-core-6.0.6.jar;D:\repository\org\springframework\spring-jcl\6.0.6\spring-jcl-6.0.6.jar;D:\repository\org\springframework\spring-test\6.0.6\spring-test-6.0.6.jar;D:\repository\org\xmlunit\xmlunit-core\2.9.1\xmlunit-core-2.9.1.jar;D:\repository\org\springframework\boot\spring-boot-starter-security\3.0.4\spring-boot-starter-security-3.0.4.jar;D:\repository\org\springframework\spring-aop\6.0.6\spring-aop-6.0.6.jar;D:\repository\org\springframework\security\spring-security-config\6.0.2\spring-security-config-6.0.2.jar;D:\repository\org\springframework\security\spring-security-core\6.0.2\spring-security-core-6.0.2.jar;D:\repository\org\springframework\security\spring-security-crypto\6.0.2\spring-security-crypto-6.0.2.jar;D:\repository\org\springframework\security\spring-security-web\6.0.2\spring-security-web-6.0.2.jar;D:\repository\org\projectlombok\lombok\1.18.26\lombok-1.18.26.jar;D:\repository\com\baomidou\mybatis-plus-boot-starter\3.5.3.1\mybatis-plus-boot-starter-3.5.3.1.jar;D:\repository\com\baomidou\mybatis-plus\3.5.3.1\mybatis-plus-3.5.3.1.jar;D:\repository\com\baomidou\mybatis-plus-extension\3.5.3.1\mybatis-plus-extension-3.5.3.1.jar;D:\repository\com\baomidou\mybatis-plus-core\3.5.3.1\mybatis-plus-core-3.5.3.1.jar;D:\repository\com\baomidou\mybatis-plus-annotation\3.5.3.1\mybatis-plus-annotation-3.5.3.1.jar;D:\repository\com\github\jsqlparser\jsqlparser\4.4\jsqlparser-4.4.jar;D:\repository\org\mybatis\mybatis\3.5.10\mybatis-3.5.10.jar;D:\repository\org\mybatis\mybatis-spring\2.0.7\mybatis-spring-2.0.7.jar;D:\repository\org\springframework\boot\spring-boot-autoconfigure\3.0.4\spring-boot-autoconfigure-3.0.4.jar;D:\repository\org\springframework\boot\spring-boot-starter-jdbc\3.0.4\spring-boot-starter-jdbc-3.0.4.jar;D:\repository\com\zaxxer\HikariCP\5.0.1\HikariCP-5.0.1.jar;D:\repository\org\springframework\spring-jdbc\6.0.6\spring-jdbc-6.0.6.jar;D:\repository\org\springframework\spring-tx\6.0.6\spring-tx-6.0.6.jar;D:\repository\com\mysql\mysql-connector-j\8.0.33\mysql-connector-j-8.0.33.jar;D:\repository\cn\hutool\hutool-all\5.8.20\hutool-all-5.8.20.jar;"/>
    <property name="sun.cpu.endian" value="little"/>
    <property name="user.home" value="C:\Users\86188"/>
    <property name="user.language" value="zh"/>
    <property name="java.specification.vendor" value="Oracle Corporation"/>
    <property name="java.version.date" value="2023-08-22"/>
    <property name="java.home" value="C:\Users\86188\.jdks\corretto-17.0.8.1"/>
    <property name="file.separator" value="\"/>
    <property name="basedir" value="D:\Spring Security\2-auth-database"/>
    <property name="java.vm.compressedOopsMode" value="Zero based"/>
    <property name="line.separator" value="&#10;"/>
    <property name="java.vm.specification.vendor" value="Oracle Corporation"/>
    <property name="java.specification.name" value="Java Platform API Specification"/>
    <property name="surefire.real.class.path" value="C:\Users\86188\AppData\Local\Temp\surefire11911253976336909244\surefirebooter9838271269472355730.jar"/>
    <property name="user.script" value=""/>
    <property name="sun.management.compiler" value="HotSpot 64-Bit Tiered Compilers"/>
    <property name="java.runtime.version" value="17.0.8.1+8-LTS"/>
    <property name="user.name" value="86188"/>
    <property name="path.separator" value=";"/>
    <property name="os.version" value="10.0"/>
    <property name="java.runtime.name" value="OpenJDK Runtime Environment"/>
    <property name="file.encoding" value="GBK"/>
    <property name="java.vm.name" value="OpenJDK 64-Bit Server VM"/>
    <property name="java.vendor.version" value="Corretto-17.0.8.8.1"/>
    <property name="localRepository" value="D:\repository"/>
    <property name="java.vendor.url.bug" value="https://github.com/corretto/corretto-17/issues/"/>
    <property name="java.io.tmpdir" value="C:\Users\86188\AppData\Local\Temp\"/>
    <property name="idea.version" value="2024.1"/>
    <property name="java.version" value="17.0.8.1"/>
    <property name="user.dir" value="D:\Spring Security\2-auth-database"/>
    <property name="os.arch" value="amd64"/>
    <property name="java.vm.specification.name" value="Java Virtual Machine Specification"/>
    <property name="sun.os.patch.level" value=""/>
    <property name="native.encoding" value="GBK"/>
    <property name="java.library.path" value="C:\Users\86188\.jdks\corretto-17.0.8.1\bin;C:\WINDOWS\Sun\Java\bin;C:\WINDOWS\system32;C:\WINDOWS;C:\测试\RealEvo\compiler\arm-none-toolchain\bin;C:\测试\RealEvo\compiler\loongarch64-sylixos-toolchain\bin;C:\测试\RealEvo\compiler\csky-sylixos-toolchain\bin;C:\测试\RealEvo\compiler\aarch64-sylixos-toolchain\bin;C:\测试\RealEvo\compiler\riscv-sylixos-toolchain\bin;C:\测试\RealEvo\compiler\sparc-sylixos-toolchain\bin;C:\测试\RealEvo\compiler\c6x-sylixos-toolchain\bin;C:\测试\RealEvo\compiler\arm-sylixoslite-toolchain\bin;C:\测试\RealEvo\compiler\mips64-sylixos-toolchain\bin;C:\测试\RealEvo\compiler\mips-sylixos-toolchain\bin;C:\测试\RealEvo\compiler\ppc-sylixos-toolchain\bin;C:\测试\RealEvo\compiler\x86_64-sylixos-toolchain\bin;C:\测试\RealEvo\compiler\x86-sylixos-toolchain\bin;C:\测试\RealEvo\compiler\arm-sylixos-toolchain\bin;C:\测试\RealEvo\tools\yagarto-tools\bin;;D:\Git\bin;C:\Program Files\Java\jdk-18.0.2\bin;C:\Program Files\Common Files\Oracle\Java\javapath;C:\windows\system32;C:\windows;C:\windows\System32\Wbem;C:\windows\System32\WindowsPowerShell\v1.0\;C:\windows\System32\OpenSSH\;C:\Program Files (x86)\NVIDIA Corporation\PhysX\Common;C:\Program Files\NVIDIA Corporation\NVIDIA NvDLISR;C:\Program Files\Bandizip\;C:\WINDOWS\system32;C:\WINDOWS;C:\WINDOWS\System32\Wbem;C:\WINDOWS\System32\WindowsPowerShell\v1.0\;C:\WINDOWS\System32\OpenSSH\;C:\Users\86188\Downloads\apache-maven-3.8.6-bin.zip\apache-maven-3.8.6\bin;C:\Users\86188\apache-maven-3.8.6\bin;D:\Git\mingw64\libexec\git-core;C:\Program Files\nodejs;C:\Program Files\nodejs\node_cache;C:\Program Files\nodejs\node_global;D:\网页\HBuilderX.3.7.9.20230324\HBuilderX\plugins\launcher\tools\adbs;C:\Program Files\apache-tomcat-10.1.13\bin;C:\Program Files (x86)\Rational\common;C:\Program Files\dotnet\;D:\Windows Kits\10\Windows Performance Toolkit\;C:\Program Files\MySQL\MySQL Server 8.0\bin;D:\nvm\nvm;C:\Program Files\nodejs;D:\微信web开发者工具\dll;C:\Program Files\Docker\Docker\resources\bin;C:\Program Files\HP\HP One Agent;C:\Users\86188\AppData\Local\pnpm;C:\Users\86188\AppData\Local\Microsoft\WindowsApps;C:\Users\86188\AppData\Local\Programs\Microsoft VS Code\bin;node_global;C:\Users\86188\AppData\Roaming\npm;D:\???\QQGameTempest\Hall.57986\;C:\Users\86188\.dotnet\tools;C:\Program Files\JetBrains\IntelliJ IDEA 2024.1\bin;;D:\nvm\nvm;C:\Program Files\nodejs;."/>
    <property name="java.vm.info" value="mixed mode, sharing"/>
    <property name="java.vendor" value="Amazon.com Inc."/>
    <property name="java.vm.version" value="17.0.8.1+8-LTS"/>
    <property name="sun.io.unicode.encoding" value="UnicodeLittle"/>
    <property name="maven.repo.local" value="D:\repository"/>
    <property name="java.class.version" value="61.0"/>
  </properties>
  <testcase name="contextLoads" classname="top.dc.ApplicationTests" time="0.354"/>
</testsuite>